Using pre-set license
Built from '2022.3/staging' branch; Version is '2022.3.16f1 (d2c21f0ef2f1) revision 13812255'; Using compiler version '192829333'; Build Type 'Release'
OS: 'Windows 11  (10.0.22631) 64bit CoreSingleLanguage' Language: 'en' Physical Memory: 8072 MB
BatchMode: 1, IsHumanControllingUs: 0, StartBugReporterOnCrash: 0, Is64bit: 1, IsPro: 1

COMMAND LINE ARGUMENTS:
D:\myapp\unity\2022.3.16f1\Editor\Unity.exe
-adb2
-batchMode
-noUpm
-name
AssetImportWorker0
-projectPath
D:/DemoGithub/Duangua_tranminhtuan
-logFile
Logs/AssetImportWorker0.log
-srvPort
57244
Successfully changed project path to: D:/DemoGithub/Duangua_tranminhtuan
D:/DemoGithub/Duangua_tranminhtuan
[UnityMemory] Configuration Parameters - Can be set up in boot.config
    "memorysetup-bucket-allocator-granularity=16"
    "memorysetup-bucket-allocator-bucket-count=8"
    "memorysetup-bucket-allocator-block-size=33554432"
    "memorysetup-bucket-allocator-block-count=8"
    "memorysetup-main-allocator-block-size=16777216"
    "memorysetup-thread-allocator-block-size=16777216"
    "memorysetup-gfx-main-allocator-block-size=16777216"
    "memorysetup-gfx-thread-allocator-block-size=16777216"
    "memorysetup-cache-allocator-block-size=4194304"
    "memorysetup-typetree-allocator-block-size=2097152"
    "memorysetup-profiler-bucket-allocator-granularity=16"
    "memorysetup-profiler-bucket-allocator-bucket-count=8"
    "memorysetup-profiler-bucket-allocator-block-size=33554432"
    "memorysetup-profiler-bucket-allocator-block-count=8"
    "memorysetup-profiler-allocator-block-size=16777216"
    "memorysetup-profiler-editor-allocator-block-size=1048576"
    "memorysetup-temp-allocator-size-main=16777216"
    "memorysetup-job-temp-allocator-block-size=2097152"
    "memorysetup-job-temp-allocator-block-size-background=1048576"
    "memorysetup-job-temp-allocator-reduction-small-platforms=262144"
    "memorysetup-allocator-temp-initial-block-size-main=262144"
    "memorysetup-allocator-temp-initial-block-size-worker=262144"
    "memorysetup-temp-allocator-size-background-worker=32768"
    "memorysetup-temp-allocator-size-job-worker=262144"
    "memorysetup-temp-allocator-size-preload-manager=33554432"
    "memorysetup-temp-allocator-size-nav-mesh-worker=65536"
    "memorysetup-temp-allocator-size-audio-worker=65536"
    "memorysetup-temp-allocator-size-cloud-worker=32768"
    "memorysetup-temp-allocator-size-gi-baking-worker=262144"
    "memorysetup-temp-allocator-size-gfx=262144"
Player connection [29524] Host "[IP] 192.168.174.1 [Port] 0 [Flags] 2 [Guid] 4172301592 [EditorId] 4172301592 [Version] 1048832 [Id] WindowsEditor(7,Tuanne_hihi) [Debug] 1 [PackageName] WindowsEditor [ProjectName] Editor" joined multi-casting on [225.0.0.222:54997]...

Player connection [29524] Host "[IP] 192.168.174.1 [Port] 0 [Flags] 2 [Guid] 4172301592 [EditorId] 4172301592 [Version] 1048832 [Id] WindowsEditor(7,Tuanne_hihi) [Debug] 1 [PackageName] WindowsEditor [ProjectName] Editor" joined alternative multi-casting on [225.0.0.222:34997]...

[Physics::Module] Initialized MultithreadedJobDispatcher with 7 workers.
Refreshing native plugins compatible for Editor in 20.00 ms, found 3 plugins.
Preloading 0 native plugins for Editor in 0.00 ms.
Initialize engine version: 2022.3.16f1 (d2c21f0ef2f1)
[Subsystems] Discovering subsystems at path D:/myapp/unity/2022.3.16f1/Editor/Data/Resources/UnitySubsystems
[Subsystems] Discovering subsystems at path D:/DemoGithub/Duangua_tranminhtuan/Assets
GfxDevice: creating device client; threaded=0; jobified=0
Direct3D:
    Version:  Direct3D 11.0 [level 11.0]
    Renderer: NVIDIA GeForce MX130 (ID=0x174d)
    Vendor:   NVIDIA
    VRAM:     2010 MB
    Driver:   30.0.15.1278
Initialize mono
Mono path[0] = 'D:/myapp/unity/2022.3.16f1/Editor/Data/Managed'
Mono path[1] = 'D:/myapp/unity/2022.3.16f1/Editor/Data/MonoBleedingEdge/lib/mono/unityjit-win32'
Mono config path = 'D:/myapp/unity/2022.3.16f1/Editor/Data/MonoBleedingEdge/etc'
Using monoOptions --debugger-agent=transport=dt_socket,embedding=1,server=y,suspend=n,address=127.0.0.1:56028
Begin MonoManager ReloadAssembly
Registering precompiled unity dll's ...
Register platform support module: D:/myapp/unity/2022.3.16f1/Editor/Data/PlaybackEngines/WebGLSupport/UnityEditor.WebGL.Extensions.dll
Register platform support module: D:/myapp/unity/2022.3.16f1/Editor/Data/PlaybackEngines/WindowsStandaloneSupport/UnityEditor.WindowsStandalone.Extensions.dll
Registered in 0.010665 seconds.
- Loaded All Assemblies, in  0.763 seconds
Native extension for WindowsStandalone target not found
Native extension for WebGL target not found
Mono: successfully reloaded assembly
- Finished resetting the current domain, in  0.555 seconds
Domain Reload Profiling: 1318ms
	BeginReloadAssembly (277ms)
		ExecutionOrderSort (0ms)
		DisableScriptedObjects (0ms)
		BackupInstance (0ms)
		ReleaseScriptingObjects (0ms)
		CreateAndSetChildDomain (1ms)
	RebuildCommonClasses (59ms)
	RebuildNativeTypeToScriptingClass (21ms)
	initialDomainReloadingComplete (102ms)
	LoadAllAssembliesAndSetupDomain (303ms)
		LoadAssemblies (276ms)
		RebuildTransferFunctionScriptingTraits (0ms)
		AnalyzeDomain (300ms)
			TypeCache.Refresh (297ms)
				TypeCache.ScanAssembly (260ms)
			ScanForSourceGeneratedMonoScriptInfo (1ms)
			ResolveRequiredComponents (1ms)
	FinalizeReload (556ms)
		ReleaseScriptCaches (0ms)
		RebuildScriptCaches (0ms)
		SetupLoadedEditorAssemblies (439ms)
			LogAssemblyErrors (0ms)
			InitializePlatformSupportModulesInManaged (15ms)
			SetLoadedEditorAssemblies (11ms)
			RefreshPlugins (0ms)
			BeforeProcessingInitializeOnLoad (4ms)
			ProcessInitializeOnLoadAttributes (319ms)
			ProcessInitializeOnLoadMethodAttributes (90ms)
			AfterProcessingInitializeOnLoad (0ms)
			EditorAssembliesLoaded (0ms)
		ExecutionOrderSort2 (0ms)
		AwakeInstancesAfterBackupRestoration (0ms)
========================================================================
Worker process is ready to serve import requests
Begin MonoManager ReloadAssembly
- Loaded All Assemblies, in  1.303 seconds
Refreshing native plugins compatible for Editor in 3.10 ms, found 3 plugins.
Native extension for WindowsStandalone target not found
Native extension for WebGL target not found
Package Manager log level set to [2]
[Package Manager] Server::EnsureServerProcessIsRunning -- launch failed, reason: Unity was launched with the -noUpm command-line argument
[Package Manager] UpmClient::Send -- Unable to send message (not connected to UPM process).
[Package Manager] Cannot connect to Unity Package Manager local server
Mono: successfully reloaded assembly
- Finished resetting the current domain, in  1.317 seconds
Domain Reload Profiling: 2620ms
	BeginReloadAssembly (301ms)
		ExecutionOrderSort (0ms)
		DisableScriptedObjects (10ms)
		BackupInstance (0ms)
		ReleaseScriptingObjects (0ms)
		CreateAndSetChildDomain (38ms)
	RebuildCommonClasses (68ms)
	RebuildNativeTypeToScriptingClass (21ms)
	initialDomainReloadingComplete (67ms)
	LoadAllAssembliesAndSetupDomain (844ms)
		LoadAssemblies (630ms)
		RebuildTransferFunctionScriptingTraits (0ms)
		AnalyzeDomain (400ms)
			TypeCache.Refresh (362ms)
				TypeCache.ScanAssembly (337ms)
			ScanForSourceGeneratedMonoScriptInfo (27ms)
			ResolveRequiredComponents (8ms)
	FinalizeReload (1317ms)
		ReleaseScriptCaches (0ms)
		RebuildScriptCaches (0ms)
		SetupLoadedEditorAssemblies (889ms)
			LogAssemblyErrors (0ms)
			InitializePlatformSupportModulesInManaged (20ms)
			SetLoadedEditorAssemblies (15ms)
			RefreshPlugins (0ms)
			BeforeProcessingInitializeOnLoad (108ms)
			ProcessInitializeOnLoadAttributes (697ms)
			ProcessInitializeOnLoadMethodAttributes (42ms)
			AfterProcessingInitializeOnLoad (6ms)
			EditorAssembliesLoaded (0ms)
		ExecutionOrderSort2 (0ms)
		AwakeInstancesAfterBackupRestoration (15ms)
Launched and connected shader compiler UnityShaderCompiler.exe after 0.11 seconds
Refreshing native plugins compatible for Editor in 4.50 ms, found 3 plugins.
Preloading 0 native plugins for Editor in 0.00 ms.
Unloading 3092 Unused Serialized files (Serialized files now loaded: 0)
Unloading 32 unused Assets / (57.2 KB). Loaded Objects now: 3553.
Memory consumption went from 122.5 MB to 122.4 MB.
Total: 5.852600 ms (FindLiveObjects: 0.368900 ms CreateObjectMapping: 0.321100 ms MarkObjects: 4.978800 ms  DeleteObjects: 0.182400 ms)

AssetImportParameters requested are different than current active one (requested -> active):
  custom:container-demuxer-ogg: 62fdf1f143b41e24485cea50d1cbac27 -> 
  custom:video-decoder-ogg-theora: a1e56fd34408186e4bbccfd4996cb3dc -> 
  custom:framework-win-MediaFoundation: 216162199b28c13a410421893ffa2e32 -> 
  custom:CustomObjectIndexerAttribute: 43b350a4d6e6d1791af0b5038c4bea17 -> 
  custom:container-demuxer-webm: 4f35f7cbe854078d1ac9338744f61a02 -> 
  custom:container-muxer-webm: aa71ff27fc2769a1b78a27578f13a17b -> 
  custom:video-decoder-webm-vp8: 9c59270c3fd7afecdb556c50c9e8de78 -> 
  custom:SearchIndexIgnoredProperties: e643bd26f0fe6173181afceb89e7c659 -> 
  custom:AudioImporter_EditorPlatform: d09bf68614088b80899f8185d706f6e7 -> 
  custom:video-encoder-webm-vp8: eb34c28f22e8b96e1ab97ce403110664 -> 
  custom:audio-decoder-ogg-vorbis: bf7c407c2cedff20999df2af8eb42d56 -> 
  custom:audio-encoder-webm-vorbis: bf7c407c2cedff20999df2af8eb42d56 -> 
========================================================================
Received Import Request.
  Time since last request: 825098.957494 seconds.
  path: Assets/Thoroughbred_Horse_Galloping_V1_L1.123c4bfb29f8-7a60-4f9e-a48b-1e7e19be5d9d/16278_Thoroughbred_Horse_Galloping_V1.obj
  artifactKey: Guid(8a0d7a61b18d01042a2c2b5aaa24935c) Importer(815301076,1909f56bfc062723c751e8b465ee728b)
Start importing Assets/Thoroughbred_Horse_Galloping_V1_L1.123c4bfb29f8-7a60-4f9e-a48b-1e7e19be5d9d/16278_Thoroughbred_Horse_Galloping_V1.obj using Guid(8a0d7a61b18d01042a2c2b5aaa24935c) Importer(815301076,1909f56bfc062723c751e8b465ee728b)  -> (artifact id: '9f19246ef26fa86fc5d8cf695241abb4') in 0.340331 seconds
Number of updated asset objects reloaded before import = 0
Number of asset objects unloaded after import = 10
========================================================================
Received Import Request.
  Time since last request: 33.698650 seconds.
  path: Assets/Thoroughbred_Horse_Galloping_V1_L1.123c4bfb29f8-7a60-4f9e-a48b-1e7e19be5d9d/Blank.mtl
  artifactKey: Guid(1cdfbd7dd412d5a48b4a6cebfa4bdeb1) Importer(815301076,1909f56bfc062723c751e8b465ee728b)
Start importing Assets/Thoroughbred_Horse_Galloping_V1_L1.123c4bfb29f8-7a60-4f9e-a48b-1e7e19be5d9d/Blank.mtl using Guid(1cdfbd7dd412d5a48b4a6cebfa4bdeb1) Importer(815301076,1909f56bfc062723c751e8b465ee728b)  -> (artifact id: '07b3596f2ac3b6d7b68635f918f3c769') in 0.001608 seconds
Number of updated asset objects reloaded before import = 0
Number of asset objects unloaded after import = 1
========================================================================
Received Import Request.
  Time since last request: 0.487565 seconds.
  path: Assets/Thoroughbred_Horse_Galloping_V1_L1.123c4bfb29f8-7a60-4f9e-a48b-1e7e19be5d9d/Blank image.jpg
  artifactKey: Guid(ebe394495b09e344ab5c7699d8f49cdd) Importer(815301076,1909f56bfc062723c751e8b465ee728b)
Start importing Assets/Thoroughbred_Horse_Galloping_V1_L1.123c4bfb29f8-7a60-4f9e-a48b-1e7e19be5d9d/Blank image.jpg using Guid(ebe394495b09e344ab5c7699d8f49cdd) Importer(815301076,1909f56bfc062723c751e8b465ee728b)  -> (artifact id: '7217034088e29d6517587aeb4106e92a') in 0.001585 seconds
Number of updated asset objects reloaded before import = 0
Number of asset objects unloaded after import = 1
========================================================================
Received Import Request.
  Time since last request: 444.193821 seconds.
  path: Assets/Thoroughbred_Horse_Galloping_V1_L1.123c4bfb29f8-7a60-4f9e-a48b-1e7e19be5d9d/Horse_Bay_LessMuscules.tif
  artifactKey: Guid(7871ff93cf16add44b7562fb75b65ca7) Importer(815301076,1909f56bfc062723c751e8b465ee728b)
Start importing Assets/Thoroughbred_Horse_Galloping_V1_L1.123c4bfb29f8-7a60-4f9e-a48b-1e7e19be5d9d/Horse_Bay_LessMuscules.tif using Guid(7871ff93cf16add44b7562fb75b65ca7) Importer(815301076,1909f56bfc062723c751e8b465ee728b)  -> (artifact id: 'daf774cc3da4481addbe6d6673fe6b04') in 0.122136 seconds
Number of updated asset objects reloaded before import = 0
Number of asset objects unloaded after import = 2
========================================================================
Received Import Request.
  Time since last request: 0.000058 seconds.
  path: Assets/Thoroughbred_Horse_Galloping_V1_L1.123c4bfb29f8-7a60-4f9e-a48b-1e7e19be5d9d/Horse_White_LessMusculs.tif
  artifactKey: Guid(6048af29d34013548ad76774446a1095) Importer(815301076,1909f56bfc062723c751e8b465ee728b)
Start importing Assets/Thoroughbred_Horse_Galloping_V1_L1.123c4bfb29f8-7a60-4f9e-a48b-1e7e19be5d9d/Horse_White_LessMusculs.tif using Guid(6048af29d34013548ad76774446a1095) Importer(815301076,1909f56bfc062723c751e8b465ee728b)  -> (artifact id: '0d78b6fc081af6d4a20651d9c16e064a') in 0.028344 seconds
Number of updated asset objects reloaded before import = 0
Number of asset objects unloaded after import = 2
========================================================================
Received Import Request.
  Time since last request: 0.000033 seconds.
  path: Assets/Thoroughbred_Horse_Galloping_V1_L1.123c4bfb29f8-7a60-4f9e-a48b-1e7e19be5d9d/Horse_Normals_LessMuscules.tif
  artifactKey: Guid(34f60e764cdff9248a3151a13c9a689e) Importer(815301076,1909f56bfc062723c751e8b465ee728b)
Start importing Assets/Thoroughbred_Horse_Galloping_V1_L1.123c4bfb29f8-7a60-4f9e-a48b-1e7e19be5d9d/Horse_Normals_LessMuscules.tif using Guid(34f60e764cdff9248a3151a13c9a689e) Importer(815301076,1909f56bfc062723c751e8b465ee728b)  -> (artifact id: '6d23bbeec02cb775b0e377b51cbff09c') in 0.031821 seconds
Number of updated asset objects reloaded before import = 0
Number of asset objects unloaded after import = 2
========================================================================
Received Import Request.
  Time since last request: 0.000029 seconds.
  path: Assets/Thoroughbred_Horse_Galloping_V1_L1.123c4bfb29f8-7a60-4f9e-a48b-1e7e19be5d9d/Horse_Chestnut_LessMuscules.tif
  artifactKey: Guid(a6443050ce02c9043b3d3497f3516ab0) Importer(815301076,1909f56bfc062723c751e8b465ee728b)
Start importing Assets/Thoroughbred_Horse_Galloping_V1_L1.123c4bfb29f8-7a60-4f9e-a48b-1e7e19be5d9d/Horse_Chestnut_LessMuscules.tif using Guid(a6443050ce02c9043b3d3497f3516ab0) Importer(815301076,1909f56bfc062723c751e8b465ee728b)  -> (artifact id: '5791f26a51ee5054c23c3bfe7d435bd6') in 0.037057 seconds
Number of updated asset objects reloaded before import = 0
Number of asset objects unloaded after import = 2
========================================================================
Received Import Request.
  Time since last request: 83.307888 seconds.
  path: Assets/Horse_Bay_LessMuscules.tif
  artifactKey: Guid(411fbea4872d0db4694dc9d6e0999258) Importer(815301076,1909f56bfc062723c751e8b465ee728b)
Start importing Assets/Horse_Bay_LessMuscules.tif using Guid(411fbea4872d0db4694dc9d6e0999258) Importer(815301076,1909f56bfc062723c751e8b465ee728b)  -> (artifact id: '855f110137fa4b3afa54758f68e0829d') in 0.025133 seconds
Number of updated asset objects reloaded before import = 0
Number of asset objects unloaded after import = 2
